\BOOKMARK [1][-]{section.1}{\376\377\137\025\212\000}{}% 1
\BOOKMARK [1][-]{section.2}{\376\377\166\370\121\163\135\345\117\134}{}% 2
\BOOKMARK [2][-]{subsection.2.1}{\376\377\000A\000I\000\040\177\026\170\001\116\343\164\006}{section.2}% 3
\BOOKMARK [2][-]{subsection.2.2}{\376\377\176\310\172\357\131\032\215\357\131\015\165\050\116\016\201\352\122\250\123\026}{section.2}% 4
\BOOKMARK [2][-]{subsection.2.3}{\376\377\000L\000L\000M\000\040\135\345\121\167\214\003\165\050\116\016\201\352\116\073\116\343\164\006\137\252\163\257}{section.2}% 5
\BOOKMARK [2][-]{subsection.2.4}{\376\377\134\017\176\323}{section.2}% 6
\BOOKMARK [1][-]{section.3}{\376\377\174\373\176\337\147\266\147\204}{}% 7
\BOOKMARK [2][-]{subsection.3.1}{\376\377\117\032\213\335\134\102\377\032\000t\000m\000u\000x\000\040\117\134\116\072\143\001\116\105\123\026\127\372\136\225}{section.3}% 8
\BOOKMARK [2][-]{subsection.3.2}{\376\377\141\037\167\345\134\102\377\032\116\011\220\032\220\123\117\341\123\367\207\215\124\010}{section.3}% 9
\BOOKMARK [2][-]{subsection.3.3}{\376\377\117\032\213\335\174\276\170\156\137\122\134\136}{section.3}% 10
\BOOKMARK [2][-]{subsection.3.4}{\376\377\133\211\121\150\217\271\165\114}{section.3}% 11
\BOOKMARK [1][-]{section.4}{\376\377\150\070\137\303\145\271\154\325}{}% 12
\BOOKMARK [2][-]{subsection.4.1}{\376\377\122\006\134\102\121\263\173\126\377\032\211\304\122\031\117\030\121\110\060\001\000L\000L\000M\000\040\121\134\136\225}{section.4}% 13
\BOOKMARK [2][-]{subsection.4.2}{\376\377\123\357\143\322\142\324\230\206\127\337\173\126\165\145\150\106\147\266}{section.4}% 14
\BOOKMARK [2][-]{subsection.4.3}{\376\377\116\011\134\102\135\114\131\127\201\352\116\073\137\252\163\257}{section.4}% 15
\BOOKMARK [1][-]{section.5}{\376\377\217\157\116\366\135\345\172\013\136\224\165\050}{}% 16
\BOOKMARK [2][-]{subsection.5.1}{\376\377\121\170\127\213\136\224\165\050\127\072\146\157}{section.5}% 17
\BOOKMARK [2][-]{subsection.5.2}{\376\377\150\110\117\213\116\000\377\032\116\244\116\222\137\017\145\340\116\272\120\074\133\210\137\000\123\321}{section.5}% 18
\BOOKMARK [2][-]{subsection.5.3}{\376\377\150\110\117\213\116\214\377\032\201\352\116\073\116\244\116\330\116\000\116\052\133\214\145\164\227\000\154\102}{section.5}% 19
\BOOKMARK [2][-]{subsection.5.4}{\376\377\116\016\116\272\135\345\136\162\230\204\160\271\166\204\121\163\174\373}{section.5}% 20
\BOOKMARK [1][-]{section.6}{\376\377\163\260\133\236\150\300\232\214\377\032\116\000\153\041\167\037\133\236\220\350\177\162\166\204\145\345\137\327\122\006\147\220}{}% 21
\BOOKMARK [2][-]{subsection.6.1}{\376\377\145\160\143\156\226\306}{section.6}% 22
\BOOKMARK [2][-]{subsection.6.2}{\376\377\123\321\163\260\116\000\377\032\211\304\122\031\134\102\000\040\0001\0000\0000\000\045\000\040\127\204\145\255\121\263\173\126}{section.6}% 23
\BOOKMARK [2][-]{subsection.6.3}{\376\377\123\321\163\260\116\214\377\032\0008\0007\000\045\000\040\166\204\122\250\117\134\123\352\146\057\040\034\176\347\176\355\040\035}{section.6}% 24
\BOOKMARK [2][-]{subsection.6.4}{\376\377\123\321\163\260\116\011\377\032\201\352\116\073\137\025\144\316\116\316\147\052\167\037\153\143\116\244\116\330}{section.6}% 25
\BOOKMARK [2][-]{subsection.6.5}{\376\377\134\017\176\323\377\032\116\000\116\052\220\000\123\026\116\072\133\217\166\204\201\352\116\073\174\373\176\337}{section.6}% 26
\BOOKMARK [1][-]{section.7}{\376\377\150\071\126\340\122\006\147\220\377\032\211\304\122\031\134\102\116\072\117\125\124\036\126\154\116\206\146\172\200\375}{}% 27
\BOOKMARK [2][-]{subsection.7.1}{\376\377\040\034\150\300\155\113\122\060\143\320\171\072\173\046\123\163\176\347\176\355\040\035\166\204\145\340\147\141\116\366\215\357\137\204}{section.7}% 28
\BOOKMARK [2][-]{subsection.7.2}{\376\377\177\072\131\061\166\204\116\000\163\257\377\032\122\250\117\134\147\011\145\110\140\047\123\315\231\210}{section.7}% 29
\BOOKMARK [2][-]{subsection.7.3}{\376\377\116\000\116\052\123\357\143\250\136\177\166\204\123\315\152\041\137\017}{section.7}% 30
\BOOKMARK [2][-]{subsection.7.4}{\376\377\117\356\131\015\145\271\124\021}{section.7}% 31
\BOOKMARK [1][-]{section.8}{\376\377\213\304\117\060\377\032\145\110\163\207\143\007\150\007\166\204\213\357\133\374\140\047}{}% 32
\BOOKMARK [2][-]{subsection.8.1}{\376\377\145\110\163\207\143\007\150\007\121\150\220\350\040\034\220\032\217\307\040\035}{section.8}% 33
\BOOKMARK [2][-]{subsection.8.2}{\376\377\136\224\221\307\165\050\166\204\147\011\145\110\140\047\143\007\150\007}{section.8}% 34
\BOOKMARK [2][-]{subsection.8.3}{\376\377\147\011\145\110\140\047\132\001\200\301}{section.8}% 35
\BOOKMARK [1][-]{section.9}{\376\377\213\250\213\272\060\001\134\100\226\120\140\047\116\016\123\357\131\015\163\260\140\047}{}% 36
\BOOKMARK [2][-]{subsection.9.1}{\376\377\176\317\232\214\145\131\213\255}{section.9}% 37
\BOOKMARK [2][-]{subsection.9.2}{\376\377\213\276\213\241\147\103\210\141\116\016\117\356\131\015}{section.9}% 38
\BOOKMARK [2][-]{subsection.9.3}{\376\377\133\211\121\150\217\271\165\114\116\016\131\061\215\045\152\041\137\017}{section.9}% 39
\BOOKMARK [2][-]{subsection.9.4}{\376\377\134\100\226\120\140\047}{section.9}% 40
\BOOKMARK [2][-]{subsection.9.5}{\376\377\123\357\131\015\163\260\140\047\213\364\146\016}{section.9}% 41
\BOOKMARK [1][-]{section.10}{\376\377\176\323\213\272}{}% 42
